<?xml version="1.0" encoding="UTF-8"?>
<testsuite name="au.com.dius.superbowl.FrameTest" tests="4" skipped="0" failures="0" errors="0" timestamp="2019-11-11T16:08:55" hostname="Baskaran-MacBook-Pro.local" time="0.002">
  <properties/>
  <testcase name="roll1And1ShouldNotBeSpareOrStrike" classname="au.com.dius.superbowl.FrameTest" time="0.001"/>
  <testcase name="rollingInvalidNoOfPinsShouldThrowException" classname="au.com.dius.superbowl.FrameTest" time="0.0"/>
  <testcase name="roll2And8ShouldResultSpare" classname="au.com.dius.superbowl.FrameTest" time="0.0"/>
  <testcase name="roll10And0ShouldResultStrike" classname="au.com.dius.superbowl.FrameTest" time="0.0"/>
  <system-out><![CDATA[]]></system-out>
  <system-err><![CDATA[]]></system-err>
</testsuite>
