<?xml version="1.0" encoding="UTF-8"?>
<testsuite name="au.com.dius.superbowl.BowlingImplTest" tests="7" skipped="0" failures="0" errors="0" timestamp="2019-11-11T16:08:55" hostname="Baskaran-MacBook-Pro.local" time="0.006">
  <properties/>
  <testcase name="rolling10FramesShouldBeOk" classname="au.com.dius.superbowl.BowlingImplTest" time="0.005"/>
  <testcase name="roll4And4ShouldResult8" classname="au.com.dius.superbowl.BowlingImplTest" time="0.0"/>
  <testcase name="roll10And5And4ShouldResult28" classname="au.com.dius.superbowl.BowlingImplTest" time="0.0"/>
  <testcase name="allStrikesShouldScore300" classname="au.com.dius.superbowl.BowlingImplTest" time="0.0"/>
  <testcase name="roll4And6And5And0Result20" classname="au.com.dius.superbowl.BowlingImplTest" time="0.0"/>
  <testcase name="rollingGreaterThan10FramesShouldThrowException" classname="au.com.dius.superbowl.BowlingImplTest" time="0.0"/>
  <testcase name="roll10And10And5And4ShouldResult48" classname="au.com.dius.superbowl.BowlingImplTest" time="0.0"/>
  <system-out><![CDATA[]]></system-out>
  <system-err><![CDATA[]]></system-err>
</testsuite>
